<?xml version='1.0' encoding='UTF-8'?>
<testsuite hostname="DESKTOP-5BQGIVP" name="Test1" tests="1" errors="0" failures="0" skipped="0" time="1.3">
                     <properties>
[...]
</properties>
                     <testcase classname="Test1" name="test" time="1.3">
                                                 
                                               </testcase>
                     <system-out><![CDATA[]]></system-out>
                     <system-err><![CDATA[]]></system-err>
                   </testsuite>